[2026-06-05 23:50:55] [INFO]: Server running in test mode on port 5000
[2026-06-05 23:50:56] [INFO]: [0mPOST /api/auth/register [32m201[0m 336.910 ms - 509[0m
[2026-06-05 23:50:56] [INFO]: [0mPOST /api/auth/register [32m201[0m 121.511 ms - 567[0m
[2026-06-05 23:50:56] [INFO]: [0mPOST /api/auth/register [33m400[0m 21.086 ms - 72[0m
[2026-06-05 23:50:56] [INFO]: [0mPOST /api/auth/login [32m200[0m 148.463 ms - 509[0m
[2026-06-05 23:50:56] [INFO]: [0mPOST /api/auth/login [32m200[0m 117.469 ms - 567[0m
[2026-06-05 23:50:56] [INFO]: [0mPUT /api/doctors/me/availability [33m401[0m 15.900 ms - 63[0m
[2026-06-05 23:50:57] [INFO]: [0mGET /api/doctors/6a2313881b15e1aecf826701/available-slots?date=2026-06-08 [32m200[0m 86.905 ms - 26[0m
[2026-06-05 23:50:57] [INFO]: [0mPOST /api/appointments [33m401[0m 12.715 ms - 63[0m
[2026-06-05 23:50:57] [INFO]: [0mGET /api/video/room/ [33m401[0m 7.624 ms - 63[0m
[2026-06-05 23:50:57] [INFO]: [0mGET /api/dashboards/doctor [33m401[0m 8.313 ms - 63[0m
[2026-06-05 23:50:57] [INFO]: [0mGET /api/dashboards/doctor [33m401[0m 9.334 ms - 63[0m
[2026-06-05 23:50:57] [INFO]: [0mGET /api/dashboards/patient [33m401[0m 8.955 ms - 63[0m
[2026-06-05 23:50:57] [INFO]: [0mGET /api/dashboards/admin [33m401[0m 6.226 ms - 63[0m
[2026-06-05 23:50:57] [INFO]: [0mPOST /api/ai/symptoms [33m401[0m 9.021 ms - 63[0m
[2026-06-05 23:50:57] [INFO]: [0mPOST /api/ai/prescription-summary [33m401[0m 9.972 ms - 63[0m
[2026-06-05 23:51:35] [INFO]: Server running in test mode on port 5000
[2026-06-05 23:51:35] [INFO]: [0mPOST /api/auth/register [32m201[0m 216.874 ms - 509[0m
[2026-06-05 23:51:35] [INFO]: [0mPOST /api/auth/register [32m201[0m 147.659 ms - 567[0m
[2026-06-05 23:51:35] [INFO]: [0mPOST /api/auth/login [32m200[0m 124.053 ms - 509[0m
[2026-06-05 23:51:36] [INFO]: [0mPOST /api/auth/login [32m200[0m 106.426 ms - 567[0m
[2026-06-05 23:51:36] [INFO]: [0mPOST /api/auth/login [32m200[0m 106.121 ms - 403[0m
[2026-06-05 23:51:36] [INFO]: [0mPUT /api/doctors/me/availability [33m401[0m 21.306 ms - 63[0m
[2026-06-05 23:51:36] [INFO]: [0mGET /api/doctors/6a2313af984473fc0bc2bafe/available-slots?date=2026-06-08 [32m200[0m 20.750 ms - 26[0m
[2026-06-05 23:51:36] [INFO]: [0mPOST /api/appointments [33m401[0m 8.570 ms - 63[0m
[2026-06-05 23:51:36] [INFO]: [0mGET /api/video/room/ [33m401[0m 9.394 ms - 63[0m
[2026-06-05 23:51:36] [INFO]: [0mGET /api/dashboards/doctor [33m401[0m 10.335 ms - 63[0m
[2026-06-05 23:51:36] [INFO]: [0mGET /api/dashboards/doctor [33m401[0m 7.783 ms - 63[0m
[2026-06-05 23:51:36] [INFO]: [0mGET /api/dashboards/patient [33m401[0m 7.088 ms - 63[0m
[2026-06-05 23:51:36] [INFO]: [0mGET /api/dashboards/admin [33m401[0m 7.798 ms - 63[0m
[2026-06-05 23:51:36] [INFO]: [0mPOST /api/ai/symptoms [33m401[0m 7.505 ms - 63[0m
[2026-06-05 23:51:36] [INFO]: [0mPOST /api/ai/prescription-summary [33m401[0m 7.818 ms - 63[0m
[2026-06-05 23:52:25] [INFO]: Server running in test mode on port 5000
[2026-06-05 23:52:25] [INFO]: [0mPOST /api/auth/register [32m201[0m 195.926 ms - 509[0m
[2026-06-05 23:52:26] [INFO]: [0mPOST /api/auth/register [32m201[0m 126.251 ms - 567[0m
[2026-06-05 23:52:26] [INFO]: [0mPOST /api/auth/login [32m200[0m 125.658 ms - 509[0m
[2026-06-05 23:52:26] [INFO]: [0mPOST /api/auth/login [32m200[0m 111.681 ms - 567[0m
[2026-06-05 23:52:26] [INFO]: [0mPOST /api/auth/login [32m200[0m 107.661 ms - 403[0m
[2026-06-05 23:52:26] [INFO]: [0mPUT /api/doctors/me/availability [33m401[0m 25.703 ms - 63[0m
[2026-06-05 23:52:26] [INFO]: [0mGET /api/doctors/6a2313e1df8eb5d4c7a4a57a/available-slots?date=2026-06-08 [32m200[0m 17.736 ms - 26[0m
[2026-06-05 23:52:26] [INFO]: [0mPOST /api/appointments [33m401[0m 12.095 ms - 63[0m
[2026-06-05 23:52:26] [INFO]: [0mGET /api/video/room/ [33m401[0m 10.032 ms - 63[0m
[2026-06-05 23:52:26] [INFO]: [0mGET /api/dashboards/doctor [33m401[0m 7.973 ms - 63[0m
[2026-06-05 23:52:26] [INFO]: [0mGET /api/dashboards/doctor [33m401[0m 8.539 ms - 63[0m
[2026-06-05 23:52:26] [INFO]: [0mGET /api/dashboards/patient [33m401[0m 6.864 ms - 63[0m
[2026-06-05 23:52:26] [INFO]: [0mGET /api/dashboards/admin [33m401[0m 7.517 ms - 63[0m
[2026-06-05 23:52:26] [INFO]: [0mPOST /api/ai/symptoms [33m401[0m 7.131 ms - 63[0m
[2026-06-05 23:52:26] [INFO]: [0mPOST /api/ai/prescription-summary [33m401[0m 9.536 ms - 63[0m
[2026-06-05 23:53:30] [INFO]: Server running in test mode on port 5000
[2026-06-05 23:53:30] [INFO]: [0mPOST /api/auth/register [32m201[0m 202.880 ms - 509[0m
[2026-06-05 23:53:30] [INFO]: [0mPOST /api/auth/register [32m201[0m 116.516 ms - 567[0m
[2026-06-05 23:53:30] [INFO]: [0mPOST /api/auth/login [32m200[0m 119.370 ms - 509[0m
[2026-06-05 23:53:31] [INFO]: [0mPOST /api/auth/login [32m200[0m 110.217 ms - 567[0m
[2026-06-05 23:53:31] [INFO]: [0mPOST /api/auth/login [32m200[0m 108.375 ms - 403[0m
[2026-06-05 23:53:31] [INFO]: [0mPUT /api/doctors/me/availability [33m401[0m 25.835 ms - 63[0m
[2026-06-05 23:53:31] [INFO]: [0mGET /api/doctors/6a231422a5b892f849ce2322/available-slots?date=2026-06-08 [32m200[0m 19.692 ms - 26[0m
[2026-06-05 23:53:31] [INFO]: [0mPOST /api/appointments [33m401[0m 8.373 ms - 63[0m
[2026-06-05 23:53:31] [INFO]: [0mGET /api/video/room/ [33m401[0m 10.995 ms - 63[0m
[2026-06-05 23:53:31] [INFO]: [0mGET /api/dashboards/doctor [33m401[0m 7.876 ms - 63[0m
[2026-06-05 23:53:31] [INFO]: [0mGET /api/dashboards/doctor [33m401[0m 9.564 ms - 63[0m
[2026-06-05 23:53:31] [INFO]: [0mGET /api/dashboards/patient [33m401[0m 7.974 ms - 63[0m
[2026-06-05 23:53:31] [INFO]: [0mGET /api/dashboards/admin [33m401[0m 7.457 ms - 63[0m
[2026-06-05 23:53:31] [INFO]: [0mPOST /api/ai/symptoms [33m401[0m 8.723 ms - 63[0m
[2026-06-05 23:53:31] [INFO]: [0mPOST /api/ai/prescription-summary [33m401[0m 9.601 ms - 63[0m
[2026-06-05 23:53:47] [INFO]: Server running in test mode on port 5000
[2026-06-05 23:53:47] [INFO]: [0mPOST /api/auth/register [32m201[0m 200.026 ms - 509[0m
[2026-06-05 23:53:47] [INFO]: [0mPOST /api/auth/register [32m201[0m 127.306 ms - 567[0m
[2026-06-05 23:53:47] [INFO]: [0mPOST /api/auth/login [32m200[0m 123.216 ms - 509[0m
[2026-06-05 23:53:47] [INFO]: [0mPOST /api/auth/login [32m200[0m 110.574 ms - 567[0m
[2026-06-05 23:53:48] [INFO]: [0mPOST /api/auth/login [32m200[0m 108.538 ms - 403[0m
[2026-06-05 23:53:48] [INFO]: [0mPUT /api/doctors/me/availability [33m401[0m 32.608 ms - 63[0m
[2026-06-05 23:53:48] [INFO]: [0mGET /api/doctors/6a231433e11cfed443c487e1/available-slots?date=2026-06-08 [32m200[0m 21.521 ms - 26[0m
[2026-06-05 23:53:48] [INFO]: [0mPOST /api/appointments [33m401[0m 19.495 ms - 63[0m
[2026-06-05 23:53:48] [INFO]: [0mGET /api/video/room/ [33m401[0m 14.777 ms - 63[0m
[2026-06-05 23:53:48] [INFO]: [0mGET /api/dashboards/doctor [33m401[0m 12.676 ms - 63[0m
[2026-06-05 23:53:48] [INFO]: [0mGET /api/dashboards/doctor [33m401[0m 15.860 ms - 63[0m
[2026-06-05 23:53:48] [INFO]: [0mGET /api/dashboards/patient [33m401[0m 17.702 ms - 63[0m
[2026-06-05 23:53:48] [INFO]: [0mGET /api/dashboards/admin [33m401[0m 18.334 ms - 63[0m
[2026-06-05 23:53:48] [INFO]: [0mPOST /api/ai/symptoms [33m401[0m 11.011 ms - 63[0m
[2026-06-05 23:53:48] [INFO]: [0mPOST /api/ai/prescription-summary [33m401[0m 13.696 ms - 63[0m
[2026-06-05 23:54:20] [INFO]: Server running in test mode on port 5000
[2026-06-05 23:54:20] [INFO]: [0mPOST /api/auth/register [32m201[0m 199.713 ms - 509[0m
[2026-06-05 23:54:21] [INFO]: [0mPOST /api/auth/register [32m201[0m 115.661 ms - 567[0m
[2026-06-05 23:54:21] [INFO]: [0mPOST /api/auth/login [32m200[0m 125.614 ms - 509[0m
[2026-06-05 23:54:21] [INFO]: [0mPOST /api/auth/login [32m200[0m 108.312 ms - 567[0m
[2026-06-05 23:54:21] [INFO]: [0mPOST /api/auth/login [32m200[0m 107.326 ms - 403[0m
[2026-06-05 23:54:21] [ERROR]: JWT Verification Error: User.findById is not a function
[2026-06-05 23:54:21] [INFO]: [0mPUT /api/doctors/me/availability [33m401[0m 32.575 ms - 63[0m
[2026-06-05 23:54:21] [INFO]: [0mGET /api/doctors/6a23145497f17ec2e3fbc542/available-slots?date=2026-06-08 [32m200[0m 17.802 ms - 26[0m
[2026-06-05 23:54:21] [ERROR]: JWT Verification Error: User.findById is not a function
[2026-06-05 23:54:21] [INFO]: [0mPOST /api/appointments [33m401[0m 17.470 ms - 63[0m
[2026-06-05 23:54:21] [ERROR]: JWT Verification Error: User.findById is not a function
[2026-06-05 23:54:21] [INFO]: [0mGET /api/video/room/ [33m401[0m 14.721 ms - 63[0m
[2026-06-05 23:54:21] [ERROR]: JWT Verification Error: User.findById is not a function
[2026-06-05 23:54:21] [INFO]: [0mGET /api/dashboards/doctor [33m401[0m 19.110 ms - 63[0m
[2026-06-05 23:54:21] [ERROR]: JWT Verification Error: User.findById is not a function
[2026-06-05 23:54:21] [INFO]: [0mGET /api/dashboards/doctor [33m401[0m 16.722 ms - 63[0m
[2026-06-05 23:54:21] [ERROR]: JWT Verification Error: User.findById is not a function
[2026-06-05 23:54:21] [INFO]: [0mGET /api/dashboards/patient [33m401[0m 14.094 ms - 63[0m
[2026-06-05 23:54:21] [ERROR]: JWT Verification Error: User.findById is not a function
[2026-06-05 23:54:21] [INFO]: [0mGET /api/dashboards/admin [33m401[0m 15.523 ms - 63[0m
[2026-06-05 23:54:21] [ERROR]: JWT Verification Error: User.findById is not a function
[2026-06-05 23:54:21] [INFO]: [0mPOST /api/ai/symptoms [33m401[0m 16.511 ms - 63[0m
[2026-06-05 23:54:21] [ERROR]: JWT Verification Error: User.findById is not a function
[2026-06-05 23:54:21] [INFO]: [0mPOST /api/ai/prescription-summary [33m401[0m 19.262 ms - 63[0m
[2026-06-05 23:54:57] [INFO]: Server running in test mode on port 5000
[2026-06-05 23:54:57] [INFO]: [0mPOST /api/auth/register [32m201[0m 202.034 ms - 509[0m
[2026-06-05 23:54:57] [INFO]: [0mPOST /api/auth/register [32m201[0m 123.814 ms - 567[0m
[2026-06-05 23:54:58] [INFO]: [0mPOST /api/auth/login [32m200[0m 124.871 ms - 509[0m
[2026-06-05 23:54:58] [INFO]: [0mPOST /api/auth/login [32m200[0m 113.064 ms - 567[0m
[2026-06-05 23:54:58] [INFO]: [0mPOST /api/auth/login [32m200[0m 106.853 ms - 403[0m
[2026-06-05 23:54:58] [INFO]: [0mPUT /api/doctors/me/availability [32m200[0m 34.659 ms - 384[0m
[2026-06-05 23:54:58] [INFO]: [0mGET /api/doctors/6a2314794755da667f173575/available-slots?date=2026-06-08 [32m200[0m 16.397 ms - 98[0m
[2026-06-05 23:54:58] [INFO]: [0mPOST /api/appointments [32m201[0m 96.442 ms - 483[0m
[2026-06-05 23:54:58] [INFO]: [0mGET /api/video/room/6a23147a4755da667f17358f [33m403[0m 30.995 ms - 113[0m
[2026-06-05 23:54:58] [INFO]: [0mGET /api/dashboards/doctor [33m403[0m 15.612 ms - 84[0m
[2026-06-05 23:54:58] [INFO]: [0mGET /api/dashboards/doctor [32m200[0m 68.819 ms - 132[0m
[2026-06-05 23:54:58] [INFO]: [0mGET /api/dashboards/patient [32m200[0m 65.625 ms - 677[0m
[2026-06-05 23:54:58] [INFO]: [0mGET /api/dashboards/admin [32m200[0m 153.103 ms - 183[0m
[2026-06-05 23:54:59] [INFO]: [0mPOST /api/ai/symptoms [32m200[0m 14.852 ms - 306[0m
[2026-06-05 23:54:59] [INFO]: [0mPOST /api/ai/prescription-summary [32m200[0m 9.527 ms - 356[0m
